{"level":"info","message":"Server started on port 4000","timestamp":"2025-06-01T16:00:28.592Z"}
{"level":"info","message":"Server started on port 4000","timestamp":"2025-06-01T16:01:46.082Z"}
{"level":"info","message":"Server started on port 4000","timestamp":"2025-06-01T16:01:49.323Z"}
{"level":"info","message":"Server started on port 4000","timestamp":"2025-06-01T16:01:55.015Z"}
{"level":"info","message":"Server started on port 4000","timestamp":"2025-06-01T16:02:06.183Z"}
{"level":"info","message":"Server started on port 4000","timestamp":"2025-06-01T16:02:20.743Z"}
{"level":"info","message":"Server started on port 4000","timestamp":"2025-06-01T16:02:37.005Z"}
{"level":"info","message":"Server started on port 4000","timestamp":"2025-06-01T16:03:54.765Z"}
{"level":"info","message":"Server started on port 4000","timestamp":"2025-06-01T16:04:41.308Z"}
{"level":"info","message":"Server started on port 4000","timestamp":"2025-06-01T16:05:24.771Z"}
{"level":"info","message":"Server started on port 4000","timestamp":"2025-06-01T16:05:46.583Z"}
{"level":"info","message":"Server started on port 4000","timestamp":"2025-06-01T16:05:57.394Z"}
{"level":"info","message":"Server started on port 4000","timestamp":"2025-06-01T16:06:07.067Z"}
{"level":"info","message":"Server started on port 4000","timestamp":"2025-06-01T16:07:18.649Z"}
{"level":"info","message":"Server started on port 4000","timestamp":"2025-06-01T16:07:29.736Z"}
{"level":"info","message":"Server started on port 4000","timestamp":"2025-06-01T16:11:06.687Z"}
{"level":"info","message":"Server started on port 4000","timestamp":"2025-06-01T16:11:13.400Z"}
{"level":"info","message":"Server started on port 4000","timestamp":"2025-06-01T16:11:23.584Z"}
{"level":"info","message":"Server started on port 4000","timestamp":"2025-06-01T16:12:01.681Z"}
{"level":"info","message":"Server started on port 4000","timestamp":"2025-06-01T16:12:05.049Z"}
{"level":"info","message":"Server started on port 4000","timestamp":"2025-06-01T16:12:15.860Z"}
{"level":"info","message":"Server started on port 4000","timestamp":"2025-06-01T16:12:22.821Z"}
{"level":"info","message":"Server started on port 4000","timestamp":"2025-06-01T16:13:07.312Z"}
{"level":"info","message":"Server started on port 4000","timestamp":"2025-06-01T16:13:16.583Z"}
{"level":"info","message":"Server started on port 4000","timestamp":"2025-06-01T16:13:35.396Z"}
{"level":"info","message":"Server started on port 4000","timestamp":"2025-06-01T16:13:45.356Z"}
{"level":"info","message":"Server started on port 4000","timestamp":"2025-06-01T16:13:57.550Z"}
{"level":"info","message":"Server started on port 4000","timestamp":"2025-06-01T16:15:50.976Z"}
{"level":"info","message":"Server started on port 4000","timestamp":"2025-06-01T16:15:54.051Z"}
{"level":"info","message":"Server started on port 4000","timestamp":"2025-06-01T16:16:22.330Z"}
{"level":"info","message":"Server started on port 4000","timestamp":"2025-06-01T16:16:31.595Z"}
{"level":"info","message":"Server started on port 4000","timestamp":"2025-06-01T16:16:40.185Z"}
{"level":"info","message":"Server started on port 4000","timestamp":"2025-06-01T16:16:47.976Z"}
{"level":"info","message":"Server started on port 4000","timestamp":"2025-06-01T16:17:41.028Z"}
{"level":"info","message":"Server started on port 4000","timestamp":"2025-06-01T16:17:44.944Z"}
{"level":"info","message":"Server started on port 4000","timestamp":"2025-06-01T16:18:13.081Z"}
{"level":"info","message":"Server started on port 4000","timestamp":"2025-06-01T16:19:09.422Z"}
{"level":"info","message":"Server started on port 4000","timestamp":"2025-06-01T16:19:18.489Z"}
{"level":"info","message":"Server started on port 4000","timestamp":"2025-06-01T16:20:06.194Z"}
{"level":"info","message":"Server started on port 4000","timestamp":"2025-06-01T16:20:13.711Z"}
{"level":"info","message":"Server started on port 4000","timestamp":"2025-06-01T16:20:22.062Z"}
{"level":"info","message":"Server started on port 4000","timestamp":"2025-06-01T16:20:36.731Z"}
{"level":"info","message":"Server started on port 4000","timestamp":"2025-06-01T16:20:53.678Z"}
{"level":"info","message":"Server started on port 4000","timestamp":"2025-06-01T16:23:11.449Z"}
{"level":"info","message":"Server started on port 4000","timestamp":"2025-06-01T16:23:15.801Z"}
{"level":"info","message":"Server is running on port 4000","timestamp":"2025-06-01T16:27:44.230Z"}
{"level":"info","message":"Server is running on port 4000","timestamp":"2025-06-01T16:29:15.894Z"}
{"level":"info","message":"Server is running on port 4000","timestamp":"2025-06-01T16:29:18.578Z"}
{"level":"info","message":"Server is running on port 4000","timestamp":"2025-06-01T16:29:25.110Z"}
{"level":"info","message":"Server is running on port 4000","timestamp":"2025-06-01T16:29:29.104Z"}
{"level":"info","message":"Server is running on port 4000","timestamp":"2025-06-01T16:29:31.800Z"}
{"level":"info","message":"Server is running on port 4000","timestamp":"2025-06-01T16:29:35.188Z"}
{"level":"info","message":"Server is running on port 4000","timestamp":"2025-06-01T16:45:13.817Z"}
{"address":"::1","code":"ESOCKET","command":"CONN","errno":-4078,"level":"error","message":"Error sending email: connect ECONNREFUSED ::1:587","port":587,"stack":"Error: connect ECONNREFUSED ::1:587\n    at TCPConnectWrap.afterConnect [as oncomplete] (node:net:1636:16)","syscall":"connect","timestamp":"2025-06-01T16:47:03.080Z"}
{"level":"error","message":"Registration error: Error sending email","stack":"Error: Error sending email\n    at sendEmail (file:///C:/Users/kero/classroom-/server/dist/utils/email.js:27:15)\n    at process.processTicksAndRejections (node:internal/process/task_queues:105:5)\n    at async register (file:///C:/Users/kero/classroom-/server/dist/controllers/auth.controller.js:58:9)","timestamp":"2025-06-01T16:47:03.081Z"}
{"address":"::1","code":"ESOCKET","command":"CONN","errno":-4078,"level":"error","message":"Error sending email: connect ECONNREFUSED ::1:587","port":587,"stack":"Error: connect ECONNREFUSED ::1:587\n    at TCPConnectWrap.afterConnect [as oncomplete] (node:net:1636:16)","syscall":"connect","timestamp":"2025-06-01T16:48:47.988Z"}
{"level":"error","message":"Registration error: Error sending email","stack":"Error: Error sending email\n    at sendEmail (file:///C:/Users/kero/classroom-/server/dist/utils/email.js:27:15)\n    at process.processTicksAndRejections (node:internal/process/task_queues:105:5)\n    at async register (file:///C:/Users/kero/classroom-/server/dist/controllers/auth.controller.js:58:9)","timestamp":"2025-06-01T16:48:47.991Z"}
{"address":"::1","code":"ESOCKET","command":"CONN","errno":-4078,"level":"error","message":"Error sending email: connect ECONNREFUSED ::1:587","port":587,"stack":"Error: connect ECONNREFUSED ::1:587\n    at TCPConnectWrap.afterConnect [as oncomplete] (node:net:1636:16)","syscall":"connect","timestamp":"2025-06-01T16:49:33.591Z"}
{"level":"error","message":"Registration error: Error sending email","stack":"Error: Error sending email\n    at sendEmail (file:///C:/Users/kero/classroom-/server/dist/utils/email.js:27:15)\n    at process.processTicksAndRejections (node:internal/process/task_queues:105:5)\n    at async register (file:///C:/Users/kero/classroom-/server/dist/controllers/auth.controller.js:58:9)","timestamp":"2025-06-01T16:49:33.592Z"}
{"address":"::1","code":"ESOCKET","command":"CONN","errno":-4078,"level":"error","message":"Error sending email: connect ECONNREFUSED ::1:587","port":587,"stack":"Error: connect ECONNREFUSED ::1:587\n    at TCPConnectWrap.afterConnect [as oncomplete] (node:net:1636:16)","syscall":"connect","timestamp":"2025-06-01T16:56:19.055Z"}
{"level":"error","message":"Registration error: Error sending email","stack":"Error: Error sending email\n    at sendEmail (file:///C:/Users/kero/classroom-/server/dist/utils/email.js:27:15)\n    at process.processTicksAndRejections (node:internal/process/task_queues:105:5)\n    at async register (file:///C:/Users/kero/classroom-/server/dist/controllers/auth.controller.js:58:9)","timestamp":"2025-06-01T16:56:19.067Z"}
{"address":"::1","code":"ESOCKET","command":"CONN","errno":-4078,"level":"error","message":"Error sending email: connect ECONNREFUSED ::1:587","port":587,"stack":"Error: connect ECONNREFUSED ::1:587\n    at TCPConnectWrap.afterConnect [as oncomplete] (node:net:1636:16)","syscall":"connect","timestamp":"2025-06-01T16:56:55.696Z"}
{"level":"error","message":"Registration error: Error sending email","stack":"Error: Error sending email\n    at sendEmail (file:///C:/Users/kero/classroom-/server/dist/utils/email.js:27:15)\n    at process.processTicksAndRejections (node:internal/process/task_queues:105:5)\n    at async register (file:///C:/Users/kero/classroom-/server/dist/controllers/auth.controller.js:58:9)","timestamp":"2025-06-01T16:56:55.699Z"}
{"address":"::1","code":"ESOCKET","command":"CONN","errno":-4078,"level":"error","message":"Error sending email: connect ECONNREFUSED ::1:587","port":587,"stack":"Error: connect ECONNREFUSED ::1:587\n    at TCPConnectWrap.afterConnect [as oncomplete] (node:net:1636:16)","syscall":"connect","timestamp":"2025-06-01T16:57:48.114Z"}
{"level":"error","message":"Registration error: Error sending email","stack":"Error: Error sending email\n    at sendEmail (file:///C:/Users/kero/classroom-/server/dist/utils/email.js:27:15)\n    at process.processTicksAndRejections (node:internal/process/task_queues:105:5)\n    at async register (file:///C:/Users/kero/classroom-/server/dist/controllers/auth.controller.js:58:9)","timestamp":"2025-06-01T16:57:48.115Z"}
{"address":"::1","code":"ESOCKET","command":"CONN","errno":-4078,"level":"error","message":"Error sending email: connect ECONNREFUSED ::1:587","port":587,"stack":"Error: connect ECONNREFUSED ::1:587\n    at TCPConnectWrap.afterConnect [as oncomplete] (node:net:1636:16)","syscall":"connect","timestamp":"2025-06-01T16:58:10.748Z"}
{"level":"error","message":"Registration error: Error sending email","stack":"Error: Error sending email\n    at sendEmail (file:///C:/Users/kero/classroom-/server/dist/utils/email.js:27:15)\n    at process.processTicksAndRejections (node:internal/process/task_queues:105:5)\n    at async register (file:///C:/Users/kero/classroom-/server/dist/controllers/auth.controller.js:58:9)","timestamp":"2025-06-01T16:58:10.749Z"}
{"level":"error","message":"SyntaxError: Bad control character in string literal in JSON at position 26 (line 3 column 22)\n    at JSON.parse (<anonymous>)\n    at parse (C:\\Users\\kero\\classroom-\\server\\node_modules\\body-parser\\lib\\types\\json.js:92:19)\n    at C:\\Users\\kero\\classroom-\\server\\node_modules\\body-parser\\lib\\read.js:128:18\n    at AsyncResource.runInAsyncScope (node:async_hooks:214:14)\n    at invokeCallback (C:\\Users\\kero\\classroom-\\server\\node_modules\\raw-body\\index.js:238:16)\n    at done (C:\\Users\\kero\\classroom-\\server\\node_modules\\raw-body\\index.js:227:7)\n    at IncomingMessage.onEnd (C:\\Users\\kero\\classroom-\\server\\node_modules\\raw-body\\index.js:287:7)\n    at IncomingMessage.emit (node:events:518:28)\n    at endReadableNT (node:internal/streams/readable:1698:12)\n    at process.processTicksAndRejections (node:internal/process/task_queues:90:21)","timestamp":"2025-06-01T16:59:12.682Z"}
{"address":"::1","code":"ESOCKET","command":"CONN","errno":-4078,"level":"error","message":"Error sending email: connect ECONNREFUSED ::1:587","port":587,"stack":"Error: connect ECONNREFUSED ::1:587\n    at TCPConnectWrap.afterConnect [as oncomplete] (node:net:1636:16)","syscall":"connect","timestamp":"2025-06-01T16:59:14.200Z"}
{"level":"error","message":"Registration error: Error sending email","stack":"Error: Error sending email\n    at sendEmail (file:///C:/Users/kero/classroom-/server/dist/utils/email.js:27:15)\n    at process.processTicksAndRejections (node:internal/process/task_queues:105:5)\n    at async register (file:///C:/Users/kero/classroom-/server/dist/controllers/auth.controller.js:58:9)","timestamp":"2025-06-01T16:59:14.201Z"}
{"address":"::1","code":"ESOCKET","command":"CONN","errno":-4078,"level":"error","message":"Error sending email: connect ECONNREFUSED ::1:587","port":587,"stack":"Error: connect ECONNREFUSED ::1:587\n    at TCPConnectWrap.afterConnect [as oncomplete] (node:net:1636:16)","syscall":"connect","timestamp":"2025-06-01T17:00:41.024Z"}
{"level":"error","message":"Registration error: Error sending email","stack":"Error: Error sending email\n    at sendEmail (file:///C:/Users/kero/classroom-/server/dist/utils/email.js:27:15)\n    at process.processTicksAndRejections (node:internal/process/task_queues:105:5)\n    at async register (file:///C:/Users/kero/classroom-/server/dist/controllers/auth.controller.js:58:9)","timestamp":"2025-06-01T17:00:41.026Z"}
{"address":"::1","code":"ESOCKET","command":"CONN","errno":-4078,"level":"error","message":"Error sending email: connect ECONNREFUSED ::1:587","port":587,"stack":"Error: connect ECONNREFUSED ::1:587\n    at TCPConnectWrap.afterConnect [as oncomplete] (node:net:1636:16)","syscall":"connect","timestamp":"2025-06-01T17:02:05.813Z"}
{"level":"error","message":"Registration error: Error sending email","stack":"Error: Error sending email\n    at sendEmail (file:///C:/Users/kero/classroom-/server/dist/utils/email.js:27:15)\n    at process.processTicksAndRejections (node:internal/process/task_queues:105:5)\n    at async register (file:///C:/Users/kero/classroom-/server/dist/controllers/auth.controller.js:58:9)","timestamp":"2025-06-01T17:02:05.813Z"}
{"address":"::1","code":"ESOCKET","command":"CONN","errno":-4078,"level":"error","message":"Error sending email: connect ECONNREFUSED ::1:587","port":587,"stack":"Error: connect ECONNREFUSED ::1:587\n    at TCPConnectWrap.afterConnect [as oncomplete] (node:net:1636:16)","syscall":"connect","timestamp":"2025-06-01T17:02:50.645Z"}
{"level":"error","message":"Registration error: Error sending email","stack":"Error: Error sending email\n    at sendEmail (file:///C:/Users/kero/classroom-/server/dist/utils/email.js:27:15)\n    at process.processTicksAndRejections (node:internal/process/task_queues:105:5)\n    at async register (file:///C:/Users/kero/classroom-/server/dist/controllers/auth.controller.js:58:9)","timestamp":"2025-06-01T17:02:50.646Z"}
{"address":"::1","code":"ESOCKET","command":"CONN","errno":-4078,"level":"error","message":"Error sending email: connect ECONNREFUSED ::1:587","port":587,"stack":"Error: connect ECONNREFUSED ::1:587\n    at TCPConnectWrap.afterConnect [as oncomplete] (node:net:1636:16)","syscall":"connect","timestamp":"2025-06-01T17:04:07.007Z"}
{"level":"error","message":"Registration error: Error sending email","stack":"Error: Error sending email\n    at sendEmail (file:///C:/Users/kero/classroom-/server/dist/utils/email.js:27:15)\n    at process.processTicksAndRejections (node:internal/process/task_queues:105:5)\n    at async register (file:///C:/Users/kero/classroom-/server/dist/controllers/auth.controller.js:58:9)","timestamp":"2025-06-01T17:04:07.008Z"}
{"address":"::1","code":"ESOCKET","command":"CONN","errno":-4078,"level":"error","message":"Error sending email: connect ECONNREFUSED ::1:587","port":587,"stack":"Error: connect ECONNREFUSED ::1:587\n    at TCPConnectWrap.afterConnect [as oncomplete] (node:net:1636:16)","syscall":"connect","timestamp":"2025-06-01T17:04:36.561Z"}
{"level":"error","message":"Registration error: Error sending email","stack":"Error: Error sending email\n    at sendEmail (file:///C:/Users/kero/classroom-/server/dist/utils/email.js:27:15)\n    at process.processTicksAndRejections (node:internal/process/task_queues:105:5)\n    at async register (file:///C:/Users/kero/classroom-/server/dist/controllers/auth.controller.js:58:9)","timestamp":"2025-06-01T17:04:36.561Z"}
{"address":"::1","code":"ESOCKET","command":"CONN","errno":-4078,"level":"error","message":"Error sending email: connect ECONNREFUSED ::1:587","port":587,"stack":"Error: connect ECONNREFUSED ::1:587\n    at TCPConnectWrap.afterConnect [as oncomplete] (node:net:1636:16)","syscall":"connect","timestamp":"2025-06-01T17:04:59.935Z"}
{"level":"error","message":"Registration error: Error sending email","stack":"Error: Error sending email\n    at sendEmail (file:///C:/Users/kero/classroom-/server/dist/utils/email.js:27:15)\n    at process.processTicksAndRejections (node:internal/process/task_queues:105:5)\n    at async register (file:///C:/Users/kero/classroom-/server/dist/controllers/auth.controller.js:58:9)","timestamp":"2025-06-01T17:04:59.936Z"}
{"address":"::1","code":"ESOCKET","command":"CONN","errno":-4078,"level":"error","message":"Error sending email: connect ECONNREFUSED ::1:587","port":587,"stack":"Error: connect ECONNREFUSED ::1:587\n    at TCPConnectWrap.afterConnect [as oncomplete] (node:net:1636:16)","syscall":"connect","timestamp":"2025-06-01T17:05:28.747Z"}
{"level":"error","message":"Registration error: Error sending email","stack":"Error: Error sending email\n    at sendEmail (file:///C:/Users/kero/classroom-/server/dist/utils/email.js:27:15)\n    at process.processTicksAndRejections (node:internal/process/task_queues:105:5)\n    at async register (file:///C:/Users/kero/classroom-/server/dist/controllers/auth.controller.js:58:9)","timestamp":"2025-06-01T17:05:28.748Z"}
{"address":"::1","code":"ESOCKET","command":"CONN","errno":-4078,"level":"error","message":"Error sending email: connect ECONNREFUSED ::1:587","port":587,"stack":"Error: connect ECONNREFUSED ::1:587\n    at TCPConnectWrap.afterConnect [as oncomplete] (node:net:1636:16)","syscall":"connect","timestamp":"2025-06-01T17:05:56.649Z"}
{"level":"error","message":"Registration error: Error sending email","stack":"Error: Error sending email\n    at sendEmail (file:///C:/Users/kero/classroom-/server/dist/utils/email.js:27:15)\n    at process.processTicksAndRejections (node:internal/process/task_queues:105:5)\n    at async register (file:///C:/Users/kero/classroom-/server/dist/controllers/auth.controller.js:58:9)","timestamp":"2025-06-01T17:05:56.650Z"}
{"level":"info","message":"Server is running on port 4000","timestamp":"2025-06-01T17:07:51.110Z"}
